Using pre-set license
Built from '2020.3/staging' branch; Version is '2020.3.14f1 (d0d1bb862f9d) revision 13685179'; Using compiler version '192528614'; Build Type 'Release'
OS: 'Windows 10 Education; OS build 19042.1237; Version 2009; 64bit' Language: 'en' Physical Memory: 16180 MB
BatchMode: 1, IsHumanControllingUs: 0, StartBugReporterOnCrash: 0, Is64bit: 1, IsPro: 0

 COMMAND LINE ARGUMENTS:
C:\Program Files\Unity\Editor\Unity.exe
-adb2
-batchMode
-noUpm
-name
AssetImportWorker0
-projectPath
C:/Users/W0434838/OneDrive - Nova Scotia Community College/AnimationChallenge
-logFile
Logs/AssetImportWorker0.log
-srvPort
49699
Successfully changed project path to: C:/Users/W0434838/OneDrive - Nova Scotia Community College/AnimationChallenge
C:/Users/W0434838/OneDrive - Nova Scotia Community College/AnimationChallenge
Using Asset Import Pipeline V2.
Refreshing native plugins compatible for Editor in 26.76 ms, found 2 plugins.
Preloading 0 native plugins for Editor in 0.00 ms.
Initialize engine version: 2020.3.14f1 (d0d1bb862f9d)
[Subsystems] Discovering subsystems at path C:/Program Files/Unity/Editor/Data/Resources/UnitySubsystems
[Subsystems] Discovering subsystems at path C:/Users/W0434838/OneDrive - Nova Scotia Community College/AnimationChallenge/Assets
GfxDevice: creating device client; threaded=0
Direct3D:
    Version:  Direct3D 11.0 [level 11.0]
    Renderer: NVIDIA Quadro K2200 (ID=0x13ba)
    Vendor:   
    VRAM:     4053 MB
    Driver:   27.21.14.6192
Initialize mono
Mono path[0] = 'C:/Program Files/Unity/Editor/Data/Managed'
Mono path[1] = 'C:/Program Files/Unity/Editor/Data/MonoBleedingEdge/lib/mono/unityjit'
Mono config path = 'C:/Program Files/Unity/Editor/Data/MonoBleedingEdge/etc'
Using monoOptions --debugger-agent=transport=dt_socket,embedding=1,server=y,suspend=n,address=127.0.0.1:56552
Begin MonoManager ReloadAssembly
Registering precompiled unity dll's ...
Register platform support module: C:/Program Files/Unity/Editor/Data/PlaybackEngines/WindowsStandaloneSupport/UnityEditor.WindowsStandalone.Extensions.dll
Registered in 0.001909 seconds.
Native extension for WindowsStandalone target not found
Refreshing native plugins compatible for Editor in 23.82 ms, found 2 plugins.
Preloading 0 native plugins for Editor in 0.00 ms.
Mono: successfully reloaded assembly
- Completed reload, in  1.018 seconds
Domain Reload Profiling:
	ReloadAssembly (1018ms)
		BeginReloadAssembly (54ms)
			ExecutionOrderSort (0ms)
			DisableScriptedObjects (0ms)
			BackupInstance (0ms)
			ReleaseScriptingObjects (0ms)
			CreateAndSetChildDomain (1ms)
		EndReloadAssembly (399ms)
			LoadAssemblies (52ms)
			RebuildTransferFunctionScriptingTraits (0ms)
			SetupTypeCache (157ms)
			ReleaseScriptCaches (0ms)
			RebuildScriptCaches (30ms)
			SetupLoadedEditorAssemblies (144ms)
				LogAssemblyErrors (0ms)
				InitializePlatformSupportModulesInManaged (4ms)
				SetLoadedEditorAssemblies (0ms)
				RefreshPlugins (24ms)
				BeforeProcessingInitializeOnLoad (13ms)
				ProcessInitializeOnLoadAttributes (76ms)
				ProcessInitializeOnLoadMethodAttributes (26ms)
				AfterProcessingInitializeOnLoad (0ms)
				EditorAssembliesLoaded (0ms)
			ExecutionOrderSort2 (0ms)
			AwakeInstancesAfterBackupRestoration (0ms)
Platform modules already initialized, skipping
Registering precompiled user dll's ...
Registered in 0.003879 seconds.
Begin MonoManager ReloadAssembly
Native extension for WindowsStandalone target not found
Refreshing native plugins compatible for Editor in 0.28 ms, found 2 plugins.
Preloading 0 native plugins for Editor in 0.00 ms.
Mono: successfully reloaded assembly
- Completed reload, in  0.997 seconds
Domain Reload Profiling:
	ReloadAssembly (997ms)
		BeginReloadAssembly (144ms)
			ExecutionOrderSort (0ms)
			DisableScriptedObjects (5ms)
			BackupInstance (0ms)
			ReleaseScriptingObjects (0ms)
			CreateAndSetChildDomain (18ms)
		EndReloadAssembly (788ms)
			LoadAssemblies (86ms)
			RebuildTransferFunctionScriptingTraits (0ms)
			SetupTypeCache (271ms)
			ReleaseScriptCaches (0ms)
			RebuildScriptCaches (39ms)
			SetupLoadedEditorAssemblies (303ms)
				LogAssemblyErrors (0ms)
				InitializePlatformSupportModulesInManaged (4ms)
				SetLoadedEditorAssemblies (0ms)
				RefreshPlugins (0ms)
				BeforeProcessingInitializeOnLoad (84ms)
				ProcessInitializeOnLoadAttributes (203ms)
				ProcessInitializeOnLoadMethodAttributes (4ms)
				AfterProcessingInitializeOnLoad (6ms)
				EditorAssembliesLoaded (0ms)
			ExecutionOrderSort2 (0ms)
			AwakeInstancesAfterBackupRestoration (6ms)
Platform modules already initialized, skipping
========================================================================
Worker process is ready to serve import requests
Launched and connected shader compiler UnityShaderCompiler.exe after 0.04 seconds
Refreshing native plugins compatible for Editor in 0.30 ms, found 2 plugins.
Preloading 0 native plugins for Editor in 0.00 ms.
Unloading 1390 Unused Serialized files (Serialized files now loaded: 0)
System memory in use before: 65.2 MB.
System memory in use after: 65.3 MB.

Unloading 19 unused Assets to reduce memory usage. Loaded Objects now: 1823.
Total: 1.936300 ms (FindLiveObjects: 0.136900 ms CreateObjectMapping: 0.042800 ms MarkObjects: 1.673000 ms  DeleteObjects: 0.082500 ms)

AssetImportParameters requested are different than current active one (requested -> active):
  custom:framework-win-MediaFoundation: 216162199b28c13a410421893ffa2e32 -> 
  custom:video-decoder-ogg-theora: a1e56fd34408186e4bbccfd4996cb3dc -> 
  custom:container-muxer-webm: aa71ff27fc2769a1b78a27578f13a17b -> 
  custom:container-demuxer-webm: 4f35f7cbe854078d1ac9338744f61a02 -> 
  custom:container-demuxer-ogg: 62fdf1f143b41e24485cea50d1cbac27 -> 
  custom:video-encoder-webm-vp8: eb34c28f22e8b96e1ab97ce403110664 -> 
  custom:video-decoder-webm-vp8: 9c59270c3fd7afecdb556c50c9e8de78 -> 
  custom:audio-decoder-ogg-vorbis: bf7c407c2cedff20999df2af8eb42d56 -> 
  custom:audio-encoder-webm-vorbis: bf7c407c2cedff20999df2af8eb42d56 -> 
========================================================================
Received Import Request.
  path: Assets/Scenes
  artifactKey: Guid(9d4f31d7108dccc42a9ab78ec5441e04) Importer(815301076,1909f56bfc062723c751e8b465ee728b)
Start importing Assets/Scenes using Guid(9d4f31d7108dccc42a9ab78ec5441e04) Importer(815301076,1909f56bfc062723c751e8b465ee728b)  -> (artifact id: 'f643d7111ba2bd3c0f5219737a9e0001') in 0.008868 seconds 
  Import took 0.011315 seconds .

========================================================================
Received Import Request.
  Time since last request: 59.348703 seconds.
  path: Assets
  artifactKey: Guid(00000000000000001000000000000000) Importer(815301076,1909f56bfc062723c751e8b465ee728b)
Start importing Assets using Guid(00000000000000001000000000000000) Importer(815301076,1909f56bfc062723c751e8b465ee728b)  -> (artifact id: '42d402b061de3733987d63b9cc3b64de') in 0.010070 seconds 
  Import took 0.012607 seconds .

========================================================================
Received Import Request.
  Time since last request: 7.430223 seconds.
  path: Assets/Animations
  artifactKey: Guid(dbbcf1e40641e084f9696df50fb6e9c2) Importer(815301076,1909f56bfc062723c751e8b465ee728b)
Start importing Assets/Animations using Guid(dbbcf1e40641e084f9696df50fb6e9c2) Importer(815301076,1909f56bfc062723c751e8b465ee728b)  -> (artifact id: '4167e14abd98d0e701baffc3d84fc493') in 0.010178 seconds 
  Import took 0.012245 seconds .

========================================================================
Received Import Request.
  Time since last request: 988.566464 seconds.
  path: Assets/Animations/New Animation.anim
  artifactKey: Guid(988b82762777b724f9075a3806acc326) Importer(815301076,1909f56bfc062723c751e8b465ee728b)
Start importing Assets/Animations/New Animation.anim using Guid(988b82762777b724f9075a3806acc326) Importer(815301076,1909f56bfc062723c751e8b465ee728b)  -> (artifact id: '5e77c0be723d3ff7ecf08a0c753a2f22') in 0.042149 seconds 
  Import took 0.044755 seconds .

========================================================================
Received Import Request.
  Time since last request: 3.261248 seconds.
  path: Assets/Animations/Spot Light.controller
  artifactKey: Guid(b28479e6182d0e74e87ee252375ceac4) Importer(815301076,1909f56bfc062723c751e8b465ee728b)
Start importing Assets/Animations/Spot Light.controller using Guid(b28479e6182d0e74e87ee252375ceac4) Importer(815301076,1909f56bfc062723c751e8b465ee728b)  -> (artifact id: '5ca36c52056f32a6a373f5e3941c52fb') in 0.011387 seconds 
  Import took 0.013746 seconds .

========================================================================
Received Import Request.
  Time since last request: 3.339421 seconds.
  path: Assets/Animations/Spotlight.anim
  artifactKey: Guid(5fd5d262b54f30c4dbeb2f2845909acf) Importer(815301076,1909f56bfc062723c751e8b465ee728b)
Start importing Assets/Animations/Spotlight.anim using Guid(5fd5d262b54f30c4dbeb2f2845909acf) Importer(815301076,1909f56bfc062723c751e8b465ee728b)  -> (artifact id: 'e66e8f0b694c314378031e74440eed75') in 0.007878 seconds 
  Import took 0.010675 seconds .

========================================================================
Received Import Request.
  Time since last request: 0.000538 seconds.
  path: Assets/Animations/Spotlight.anim
  artifactKey: Guid(5fd5d262b54f30c4dbeb2f2845909acf) Importer(815301076,1909f56bfc062723c751e8b465ee728b)
Start importing Assets/Animations/Spotlight.anim using Guid(5fd5d262b54f30c4dbeb2f2845909acf) Importer(815301076,1909f56bfc062723c751e8b465ee728b)  -> (artifact id: 'e66e8f0b694c314378031e74440eed75') in 0.003368 seconds 
  Import took 0.005576 seconds .

========================================================================
Received Import Request.
  Time since last request: 3.156453 seconds.
  path: Assets/Animations/Cube.controller
  artifactKey: Guid(5f54be95ec334b544a61403d522c3cf0) Importer(815301076,1909f56bfc062723c751e8b465ee728b)
Start importing Assets/Animations/Cube.controller using Guid(5f54be95ec334b544a61403d522c3cf0) Importer(815301076,1909f56bfc062723c751e8b465ee728b)  -> (artifact id: 'b072ba8e63277c8d39cde52fd0a25b44') in 0.008575 seconds 
  Import took 0.010851 seconds .

========================================================================
Received Import Request.
  Time since last request: 1381.477864 seconds.
  path: Assets/Animations/Wheels.anim
  artifactKey: Guid(acf138643d2b92b4f9f47a5a62b3a923) Importer(815301076,1909f56bfc062723c751e8b465ee728b)
Start importing Assets/Animations/Wheels.anim using Guid(acf138643d2b92b4f9f47a5a62b3a923) Importer(815301076,1909f56bfc062723c751e8b465ee728b)  -> (artifact id: 'abb12f6c66e5b229670dc59015ae578c') in 0.009032 seconds 
  Import took 0.011948 seconds .

========================================================================
Received Import Request.
  Time since last request: 0.002085 seconds.
  path: Assets/Animations/Wheels.anim
  artifactKey: Guid(acf138643d2b92b4f9f47a5a62b3a923) Importer(815301076,1909f56bfc062723c751e8b465ee728b)
Start importing Assets/Animations/Wheels.anim using Guid(acf138643d2b92b4f9f47a5a62b3a923) Importer(815301076,1909f56bfc062723c751e8b465ee728b)  -> (artifact id: 'abb12f6c66e5b229670dc59015ae578c') in 0.004316 seconds 
  Import took 0.006825 seconds .

========================================================================
Received Import Request.
  Time since last request: 3.676004 seconds.
  path: Assets/Animations/Wheels.controller
  artifactKey: Guid(251f88595a9c74546ba7d43f68755698) Importer(815301076,1909f56bfc062723c751e8b465ee728b)
Start importing Assets/Animations/Wheels.controller using Guid(251f88595a9c74546ba7d43f68755698) Importer(815301076,1909f56bfc062723c751e8b465ee728b)  -> (artifact id: 'cef45614a25873aa9e3095b7b7a39dfb') in 0.009443 seconds 
  Import took 0.013355 seconds .

========================================================================
Received Import Request.
  Time since last request: 76.968720 seconds.
  path: Assets/Animations/Car.anim
  artifactKey: Guid(51ed75eb8f25cd84692bffb527c4e43a) Importer(815301076,1909f56bfc062723c751e8b465ee728b)
Start importing Assets/Animations/Car.anim using Guid(51ed75eb8f25cd84692bffb527c4e43a) Importer(815301076,1909f56bfc062723c751e8b465ee728b)  -> (artifact id: '6b30ce64c24f055c77dc33a1d7152bd9') in 0.010311 seconds 
  Import took 0.012741 seconds .

========================================================================
Received Import Request.
  Time since last request: 0.000853 seconds.
  path: Assets/Animations/Car.anim
  artifactKey: Guid(51ed75eb8f25cd84692bffb527c4e43a) Importer(815301076,1909f56bfc062723c751e8b465ee728b)
Start importing Assets/Animations/Car.anim using Guid(51ed75eb8f25cd84692bffb527c4e43a) Importer(815301076,1909f56bfc062723c751e8b465ee728b)  -> (artifact id: '6b30ce64c24f055c77dc33a1d7152bd9') in 0.003824 seconds 
  Import took 0.006288 seconds .

========================================================================
Received Import Request.
  Time since last request: 3.785954 seconds.
  path: Assets/Animations/Car.controller
  artifactKey: Guid(7cfd995aa8f14574e8afcabbded384b6) Importer(815301076,1909f56bfc062723c751e8b465ee728b)
Start importing Assets/Animations/Car.controller using Guid(7cfd995aa8f14574e8afcabbded384b6) Importer(815301076,1909f56bfc062723c751e8b465ee728b)  -> (artifact id: 'c9294479e613e225f1f4a030c64f4375') in 0.004161 seconds 
  Import took 0.006954 seconds .

========================================================================
Received Import Request.
  Time since last request: 0.000816 seconds.
  path: Assets/Animations/Car.controller
  artifactKey: Guid(7cfd995aa8f14574e8afcabbded384b6) Importer(815301076,1909f56bfc062723c751e8b465ee728b)
Start importing Assets/Animations/Car.controller using Guid(7cfd995aa8f14574e8afcabbded384b6) Importer(815301076,1909f56bfc062723c751e8b465ee728b)  -> (artifact id: 'c9294479e613e225f1f4a030c64f4375') in 0.004003 seconds 
  Import took 0.006340 seconds .

========================================================================
Received Prepare
Registering precompiled user dll's ...
Registered in 0.005472 seconds.
Begin MonoManager ReloadAssembly
Native extension for WindowsStandalone target not found
Refreshing native plugins compatible for Editor in 0.32 ms, found 2 plugins.
Preloading 0 native plugins for Editor in 0.00 ms.
Mono: successfully reloaded assembly
- Completed reload, in  1.034 seconds
Domain Reload Profiling:
	ReloadAssembly (1034ms)
		BeginReloadAssembly (99ms)
			ExecutionOrderSort (0ms)
			DisableScriptedObjects (4ms)
			BackupInstance (0ms)
			ReleaseScriptingObjects (0ms)
			CreateAndSetChildDomain (29ms)
		EndReloadAssembly (876ms)
			LoadAssemblies (78ms)
			RebuildTransferFunctionScriptingTraits (0ms)
			SetupTypeCache (253ms)
			ReleaseScriptCaches (1ms)
			RebuildScriptCaches (35ms)
			SetupLoadedEditorAssemblies (414ms)
				LogAssemblyErrors (0ms)
				InitializePlatformSupportModulesInManaged (6ms)
				SetLoadedEditorAssemblies (1ms)
				RefreshPlugins (0ms)
				BeforeProcessingInitializeOnLoad (211ms)
				ProcessInitializeOnLoadAttributes (185ms)
				ProcessInitializeOnLoadMethodAttributes (4ms)
				AfterProcessingInitializeOnLoad (6ms)
				EditorAssembliesLoaded (0ms)
			ExecutionOrderSort2 (0ms)
			AwakeInstancesAfterBackupRestoration (6ms)
Platform modules already initialized, skipping
Refreshing native plugins compatible for Editor in 0.28 ms, found 2 plugins.
Preloading 0 native plugins for Editor in 0.00 ms.
Unloading 1385 Unused Serialized files (Serialized files now loaded: 0)
System memory in use before: 65.2 MB.
System memory in use after: 65.2 MB.

Unloading 14 unused Assets to reduce memory usage. Loaded Objects now: 1826.
Total: 1.859300 ms (FindLiveObjects: 0.142300 ms CreateObjectMapping: 0.043500 ms MarkObjects: 1.615500 ms  DeleteObjects: 0.057000 ms)

AssetImportParameters requested are different than current active one (requested -> active):
  custom:framework-win-MediaFoundation: 216162199b28c13a410421893ffa2e32 -> 
  custom:video-decoder-ogg-theora: a1e56fd34408186e4bbccfd4996cb3dc -> 
  custom:container-muxer-webm: aa71ff27fc2769a1b78a27578f13a17b -> 
  custom:container-demuxer-webm: 4f35f7cbe854078d1ac9338744f61a02 -> 
  custom:container-demuxer-ogg: 62fdf1f143b41e24485cea50d1cbac27 -> 
  custom:video-encoder-webm-vp8: eb34c28f22e8b96e1ab97ce403110664 -> 
  custom:video-decoder-webm-vp8: 9c59270c3fd7afecdb556c50c9e8de78 -> 
  custom:audio-decoder-ogg-vorbis: bf7c407c2cedff20999df2af8eb42d56 -> 
  custom:audio-encoder-webm-vorbis: bf7c407c2cedff20999df2af8eb42d56 -> 
========================================================================
Received Import Request.
  Time since last request: 1521.961367 seconds.
  path: Assets/Cube.mat
  artifactKey: Guid(bcf13413e2313a84ca71b80565f1f716) Importer(815301076,1909f56bfc062723c751e8b465ee728b)
Start importing Assets/Cube.mat using Guid(bcf13413e2313a84ca71b80565f1f716) Importer(815301076,1909f56bfc062723c751e8b465ee728b)  -> (artifact id: '286c4e2759cb39ed960c698bab1685fa') in 0.086990 seconds 
  Import took 0.089197 seconds .

========================================================================
Received Prepare
Registering precompiled user dll's ...
Registered in 0.004484 seconds.
Begin MonoManager ReloadAssembly
Native extension for WindowsStandalone target not found
Refreshing native plugins compatible for Editor in 0.27 ms, found 2 plugins.
Preloading 0 native plugins for Editor in 0.00 ms.
Mono: successfully reloaded assembly
- Completed reload, in  0.966 seconds
Domain Reload Profiling:
	ReloadAssembly (966ms)
		BeginReloadAssembly (102ms)
			ExecutionOrderSort (0ms)
			DisableScriptedObjects (4ms)
			BackupInstance (0ms)
			ReleaseScriptingObjects (0ms)
			CreateAndSetChildDomain (29ms)
		EndReloadAssembly (746ms)
			LoadAssemblies (87ms)
			RebuildTransferFunctionScriptingTraits (0ms)
			SetupTypeCache (257ms)
			ReleaseScriptCaches (1ms)
			RebuildScriptCaches (35ms)
			SetupLoadedEditorAssemblies (274ms)
				LogAssemblyErrors (0ms)
				InitializePlatformSupportModulesInManaged (5ms)
				SetLoadedEditorAssemblies (0ms)
				RefreshPlugins (0ms)
				BeforeProcessingInitializeOnLoad (77ms)
				ProcessInitializeOnLoadAttributes (181ms)
				ProcessInitializeOnLoadMethodAttributes (4ms)
				AfterProcessingInitializeOnLoad (6ms)
				EditorAssembliesLoaded (0ms)
			ExecutionOrderSort2 (0ms)
			AwakeInstancesAfterBackupRestoration (6ms)
Platform modules already initialized, skipping
Refreshing native plugins compatible for Editor in 0.28 ms, found 2 plugins.
Preloading 0 native plugins for Editor in 0.00 ms.
Unloading 1385 Unused Serialized files (Serialized files now loaded: 0)
System memory in use before: 68.5 MB.
System memory in use after: 68.6 MB.

Unloading 14 unused Assets to reduce memory usage. Loaded Objects now: 1869.
Total: 2.556300 ms (FindLiveObjects: 0.238700 ms CreateObjectMapping: 0.061600 ms MarkObjects: 2.171900 ms  DeleteObjects: 0.082600 ms)

AssetImportParameters requested are different than current active one (requested -> active):
  custom:framework-win-MediaFoundation: 216162199b28c13a410421893ffa2e32 -> 
  custom:video-decoder-ogg-theora: a1e56fd34408186e4bbccfd4996cb3dc -> 
  custom:container-muxer-webm: aa71ff27fc2769a1b78a27578f13a17b -> 
  custom:container-demuxer-webm: 4f35f7cbe854078d1ac9338744f61a02 -> 
  custom:container-demuxer-ogg: 62fdf1f143b41e24485cea50d1cbac27 -> 
  custom:video-encoder-webm-vp8: eb34c28f22e8b96e1ab97ce403110664 -> 
  custom:video-decoder-webm-vp8: 9c59270c3fd7afecdb556c50c9e8de78 -> 
  custom:audio-decoder-ogg-vorbis: bf7c407c2cedff20999df2af8eb42d56 -> 
  custom:audio-encoder-webm-vorbis: bf7c407c2cedff20999df2af8eb42d56 -> 
========================================================================
Received Import Request.
  Time since last request: 1029.228524 seconds.
  path: Assets/Animations/FloatingCube.anim
  artifactKey: Guid(6e08571b281b284479131554f5ff4006) Importer(815301076,1909f56bfc062723c751e8b465ee728b)
Start importing Assets/Animations/FloatingCube.anim using Guid(6e08571b281b284479131554f5ff4006) Importer(815301076,1909f56bfc062723c751e8b465ee728b)  -> (artifact id: 'f76e456aa17909d63e94455ae6977e90') in 0.018500 seconds 
  Import took 0.021502 seconds .

========================================================================
Received Import Request.
  Time since last request: 0.000798 seconds.
  path: Assets/Animations/FloatingCube.anim
  artifactKey: Guid(6e08571b281b284479131554f5ff4006) Importer(815301076,1909f56bfc062723c751e8b465ee728b)
Start importing Assets/Animations/FloatingCube.anim using Guid(6e08571b281b284479131554f5ff4006) Importer(815301076,1909f56bfc062723c751e8b465ee728b)  -> (artifact id: 'f76e456aa17909d63e94455ae6977e90') in 0.004326 seconds 
  Import took 0.006825 seconds .

========================================================================
Received Prepare
Registering precompiled user dll's ...
Registered in 0.004994 seconds.
Begin MonoManager ReloadAssembly
Native extension for WindowsStandalone target not found
Refreshing native plugins compatible for Editor in 0.31 ms, found 2 plugins.
Preloading 0 native plugins for Editor in 0.00 ms.
Mono: successfully reloaded assembly
- Completed reload, in  0.891 seconds
Domain Reload Profiling:
	ReloadAssembly (891ms)
		BeginReloadAssembly (100ms)
			ExecutionOrderSort (0ms)
			DisableScriptedObjects (4ms)
			BackupInstance (0ms)
			ReleaseScriptingObjects (0ms)
			CreateAndSetChildDomain (28ms)
		EndReloadAssembly (733ms)
			LoadAssemblies (80ms)
			RebuildTransferFunctionScriptingTraits (0ms)
			SetupTypeCache (247ms)
			ReleaseScriptCaches (1ms)
			RebuildScriptCaches (34ms)
			SetupLoadedEditorAssemblies (272ms)
				LogAssemblyErrors (0ms)
				InitializePlatformSupportModulesInManaged (4ms)
				SetLoadedEditorAssemblies (1ms)
				RefreshPlugins (0ms)
				BeforeProcessingInitializeOnLoad (75ms)
				ProcessInitializeOnLoadAttributes (181ms)
				ProcessInitializeOnLoadMethodAttributes (4ms)
				AfterProcessingInitializeOnLoad (6ms)
				EditorAssembliesLoaded (0ms)
			ExecutionOrderSort2 (0ms)
			AwakeInstancesAfterBackupRestoration (6ms)
Platform modules already initialized, skipping
Refreshing native plugins compatible for Editor in 0.29 ms, found 2 plugins.
Preloading 0 native plugins for Editor in 0.00 ms.
Unloading 1385 Unused Serialized files (Serialized files now loaded: 0)
System memory in use before: 68.6 MB.
System memory in use after: 68.6 MB.

Unloading 14 unused Assets to reduce memory usage. Loaded Objects now: 1872.
Total: 1.831100 ms (FindLiveObjects: 0.135000 ms CreateObjectMapping: 0.042100 ms MarkObjects: 1.603200 ms  DeleteObjects: 0.049600 ms)

AssetImportParameters requested are different than current active one (requested -> active):
  custom:framework-win-MediaFoundation: 216162199b28c13a410421893ffa2e32 -> 
  custom:video-decoder-ogg-theora: a1e56fd34408186e4bbccfd4996cb3dc -> 
  custom:container-muxer-webm: aa71ff27fc2769a1b78a27578f13a17b -> 
  custom:container-demuxer-webm: 4f35f7cbe854078d1ac9338744f61a02 -> 
  custom:container-demuxer-ogg: 62fdf1f143b41e24485cea50d1cbac27 -> 
  custom:video-encoder-webm-vp8: eb34c28f22e8b96e1ab97ce403110664 -> 
  custom:video-decoder-webm-vp8: 9c59270c3fd7afecdb556c50c9e8de78 -> 
  custom:audio-decoder-ogg-vorbis: bf7c407c2cedff20999df2af8eb42d56 -> 
  custom:audio-encoder-webm-vorbis: bf7c407c2cedff20999df2af8eb42d56 -> 
========================================================================
Received Import Request.
  Time since last request: 5.931564 seconds.
  path: Assets/Animations/Cube (1).controller
  artifactKey: Guid(74d41efdb187c094fb0c433996896912) Importer(815301076,1909f56bfc062723c751e8b465ee728b)
Start importing Assets/Animations/Cube (1).controller using Guid(74d41efdb187c094fb0c433996896912) Importer(815301076,1909f56bfc062723c751e8b465ee728b)  -> (artifact id: '9438c5a4c0dfc3a05814d131a2878546') in 0.018184 seconds 
  Import took 0.020640 seconds .

========================================================================
Received Import Request.
  Time since last request: 8.173509 seconds.
  path: Assets/Animations/Car.controller
  artifactKey: Guid(7cfd995aa8f14574e8afcabbded384b6) Importer(815301076,1909f56bfc062723c751e8b465ee728b)
Start importing Assets/Animations/Car.controller using Guid(7cfd995aa8f14574e8afcabbded384b6) Importer(815301076,1909f56bfc062723c751e8b465ee728b)  -> (artifact id: '38f13efdc23b7a77768ca097a6b9907d') in 0.006554 seconds 
  Import took 0.008889 seconds .

========================================================================
Received Import Request.
  Time since last request: 1.672432 seconds.
  path: Assets/Animations/Car.anim
  artifactKey: Guid(51ed75eb8f25cd84692bffb527c4e43a) Importer(815301076,1909f56bfc062723c751e8b465ee728b)
Start importing Assets/Animations/Car.anim using Guid(51ed75eb8f25cd84692bffb527c4e43a) Importer(815301076,1909f56bfc062723c751e8b465ee728b)  -> (artifact id: '0b32e9d79f90dcdaf0bba97fcf833f1f') in 0.003379 seconds 
  Import took 0.005568 seconds .

========================================================================
Received Prepare
Registering precompiled user dll's ...
Registered in 0.004502 seconds.
Begin MonoManager ReloadAssembly
Native extension for WindowsStandalone target not found
Refreshing native plugins compatible for Editor in 0.30 ms, found 2 plugins.
Preloading 0 native plugins for Editor in 0.00 ms.
Mono: successfully reloaded assembly
- Completed reload, in  1.035 seconds
Domain Reload Profiling:
	ReloadAssembly (1035ms)
		BeginReloadAssembly (106ms)
			ExecutionOrderSort (0ms)
			DisableScriptedObjects (5ms)
			BackupInstance (0ms)
			ReleaseScriptingObjects (0ms)
			CreateAndSetChildDomain (31ms)
		EndReloadAssembly (866ms)
			LoadAssemblies (85ms)
			RebuildTransferFunctionScriptingTraits (0ms)
			SetupTypeCache (267ms)
			ReleaseScriptCaches (1ms)
			RebuildScriptCaches (36ms)
			SetupLoadedEditorAssemblies (382ms)
				LogAssemblyErrors (0ms)
				InitializePlatformSupportModulesInManaged (5ms)
				SetLoadedEditorAssemblies (1ms)
				RefreshPlugins (0ms)
				BeforeProcessingInitializeOnLoad (174ms)
				ProcessInitializeOnLoadAttributes (191ms)
				ProcessInitializeOnLoadMethodAttributes (4ms)
				AfterProcessingInitializeOnLoad (6ms)
				EditorAssembliesLoaded (0ms)
			ExecutionOrderSort2 (0ms)
			AwakeInstancesAfterBackupRestoration (7ms)
Platform modules already initialized, skipping
Refreshing native plugins compatible for Editor in 0.28 ms, found 2 plugins.
Preloading 0 native plugins for Editor in 0.00 ms.
Unloading 1385 Unused Serialized files (Serialized files now loaded: 0)
System memory in use before: 68.6 MB.
System memory in use after: 68.7 MB.

Unloading 14 unused Assets to reduce memory usage. Loaded Objects now: 1875.
Total: 2.002100 ms (FindLiveObjects: 0.160400 ms CreateObjectMapping: 0.049000 ms MarkObjects: 1.732000 ms  DeleteObjects: 0.059300 ms)

AssetImportParameters requested are different than current active one (requested -> active):
  custom:framework-win-MediaFoundation: 216162199b28c13a410421893ffa2e32 -> 
  custom:video-decoder-ogg-theora: a1e56fd34408186e4bbccfd4996cb3dc -> 
  custom:container-muxer-webm: aa71ff27fc2769a1b78a27578f13a17b -> 
  custom:container-demuxer-webm: 4f35f7cbe854078d1ac9338744f61a02 -> 
  custom:container-demuxer-ogg: 62fdf1f143b41e24485cea50d1cbac27 -> 
  custom:video-encoder-webm-vp8: eb34c28f22e8b96e1ab97ce403110664 -> 
  custom:video-decoder-webm-vp8: 9c59270c3fd7afecdb556c50c9e8de78 -> 
  custom:audio-decoder-ogg-vorbis: bf7c407c2cedff20999df2af8eb42d56 -> 
  custom:audio-encoder-webm-vorbis: bf7c407c2cedff20999df2af8eb42d56 -> 
========================================================================
Received Import Request.
  Time since last request: 789.215620 seconds.
  path: Assets/Animations/Rotation.anim
  artifactKey: Guid(1844be0e1e7fab74db842214deaf5fbb) Importer(815301076,1909f56bfc062723c751e8b465ee728b)
Start importing Assets/Animations/Rotation.anim using Guid(1844be0e1e7fab74db842214deaf5fbb) Importer(815301076,1909f56bfc062723c751e8b465ee728b)  -> (artifact id: '70db86dbf4bedec42c773ebf7eaaf64c') in 0.018507 seconds 
  Import took 0.021562 seconds .

========================================================================
Received Import Request.
  Time since last request: 0.002580 seconds.
  path: Assets/Animations/Rotation.anim
  artifactKey: Guid(1844be0e1e7fab74db842214deaf5fbb) Importer(815301076,1909f56bfc062723c751e8b465ee728b)
Start importing Assets/Animations/Rotation.anim using Guid(1844be0e1e7fab74db842214deaf5fbb) Importer(815301076,1909f56bfc062723c751e8b465ee728b)  -> (artifact id: '70db86dbf4bedec42c773ebf7eaaf64c') in 0.004057 seconds 
  Import took 0.007169 seconds .

========================================================================
Received Prepare
Registering precompiled user dll's ...
Registered in 0.006001 seconds.
Begin MonoManager ReloadAssembly
Native extension for WindowsStandalone target not found
Refreshing native plugins compatible for Editor in 0.29 ms, found 2 plugins.
Preloading 0 native plugins for Editor in 0.00 ms.
Mono: successfully reloaded assembly
- Completed reload, in  0.870 seconds
Domain Reload Profiling:
	ReloadAssembly (870ms)
		BeginReloadAssembly (95ms)
			ExecutionOrderSort (0ms)
			DisableScriptedObjects (4ms)
			BackupInstance (0ms)
			ReleaseScriptingObjects (0ms)
			CreateAndSetChildDomain (27ms)
		EndReloadAssembly (716ms)
			LoadAssemblies (81ms)
			RebuildTransferFunctionScriptingTraits (0ms)
			SetupTypeCache (242ms)
			ReleaseScriptCaches (1ms)
			RebuildScriptCaches (36ms)
			SetupLoadedEditorAssemblies (267ms)
				LogAssemblyErrors (0ms)
				InitializePlatformSupportModulesInManaged (5ms)
				SetLoadedEditorAssemblies (0ms)
				RefreshPlugins (0ms)
				BeforeProcessingInitializeOnLoad (75ms)
				ProcessInitializeOnLoadAttributes (176ms)
				ProcessInitializeOnLoadMethodAttributes (4ms)
				AfterProcessingInitializeOnLoad (6ms)
				EditorAssembliesLoaded (0ms)
			ExecutionOrderSort2 (0ms)
			AwakeInstancesAfterBackupRestoration (7ms)
Platform modules already initialized, skipping
Refreshing native plugins compatible for Editor in 0.27 ms, found 2 plugins.
Preloading 0 native plugins for Editor in 0.00 ms.
Unloading 1385 Unused Serialized files (Serialized files now loaded: 0)
System memory in use before: 68.6 MB.
System memory in use after: 68.7 MB.

Unloading 14 unused Assets to reduce memory usage. Loaded Objects now: 1878.
Total: 2.050600 ms (FindLiveObjects: 0.137300 ms CreateObjectMapping: 0.041000 ms MarkObjects: 1.821100 ms  DeleteObjects: 0.050300 ms)

AssetImportParameters requested are different than current active one (requested -> active):
  custom:framework-win-MediaFoundation: 216162199b28c13a410421893ffa2e32 -> 
  custom:video-decoder-ogg-theora: a1e56fd34408186e4bbccfd4996cb3dc -> 
  custom:container-muxer-webm: aa71ff27fc2769a1b78a27578f13a17b -> 
  custom:container-demuxer-webm: 4f35f7cbe854078d1ac9338744f61a02 -> 
  custom:container-demuxer-ogg: 62fdf1f143b41e24485cea50d1cbac27 -> 
  custom:video-encoder-webm-vp8: eb34c28f22e8b96e1ab97ce403110664 -> 
  custom:video-decoder-webm-vp8: 9c59270c3fd7afecdb556c50c9e8de78 -> 
  custom:audio-decoder-ogg-vorbis: bf7c407c2cedff20999df2af8eb42d56 -> 
  custom:audio-encoder-webm-vorbis: bf7c407c2cedff20999df2af8eb42d56 -> 
========================================================================
Received Import Request.
  Time since last request: 39.908159 seconds.
  path: Assets/Cube.mat
  artifactKey: Guid(bcf13413e2313a84ca71b80565f1f716) Importer(815301076,1909f56bfc062723c751e8b465ee728b)
Start importing Assets/Cube.mat using Guid(bcf13413e2313a84ca71b80565f1f716) Importer(815301076,1909f56bfc062723c751e8b465ee728b)  -> (artifact id: '96edefad7dee14894c0684770b5c44e4') in 0.061310 seconds 
  Import took 0.063803 seconds .

AssetImportWorkerClient::OnTransportError - code=2 error=End of file
